[Friday Oct 21 23:17:22 2022] -=-=-=-=-=-=-=-=-=-=-=-=-=-=-=-=-=-=-=-=-=-=-=-=-=-=-=-=-=-=-=-=-=-=-=-
[Friday Oct 21 23:17:22 2022]          Dragon Age Origins Ultimate addins.xml updater ran
[Friday Oct 21 23:17:22 2022] -=-=-=-=-=-=-=-=-=-=-=-=-=-=-=-=-=-=-=-=-=-=-=-=-=-=-=-=-=-=-=-=-=-=-=-
[Friday Oct 21 23:17:22 2022] Checking for successful game login
[Friday Oct 21 23:17:22 2022] LaunchWebPageToActivateDLC
[Friday Oct 21 23:23:41 2022] Command-line Paramters []
[Friday Oct 21 23:23:41 2022] AddIns File = [BioWare\Dragon Age\Settings\addins.xml]
[Friday Oct 21 23:23:41 2022] Offers File = [BioWare\Dragon Age\Settings\offers.xml]
[Friday Oct 21 23:23:41 2022] AddIns Folder = [BioWare\Dragon Age\Settings]
[Friday Oct 21 23:23:41 2022] Program Location = [D:\SteamLibrary\steamapps\common\Dragon Age Ultimate Edition]
[Friday Oct 21 23:23:41 2022] Updating C:\Users\issda\OneDrive\Documents\BioWare\Dragon Age\Settings\addins.xml with addins\dao_prc_ep_1\manifest.xml
[Friday Oct 21 23:23:41 2022] Results [0] [AddIns.xml successfully updated.]
[Friday Oct 21 23:23:41 2022] Updating C:\Users\issda\OneDrive\Documents\BioWare\Dragon Age\Settings\addins.xml with Addins\dao_prc_cp_1\manifest.xml
[Friday Oct 21 23:23:41 2022] Results [0] [AddIns.xml successfully updated.]
[Friday Oct 21 23:23:41 2022] Updating C:\Users\issda\OneDrive\Documents\BioWare\Dragon Age\Settings\offers.xml with Offers\dao_prc_ocp_1\manifest.xml
[Friday Oct 21 23:23:41 2022] Results [0] [Offers.xml successfully updated.]
[Friday Oct 21 23:23:41 2022] Updating C:\Users\issda\OneDrive\Documents\BioWare\Dragon Age\Settings\addins.xml with Addins\dao_prc_cp_2\manifest.xml
[Friday Oct 21 23:23:41 2022] Results [0] [AddIns.xml successfully updated.]
[Friday Oct 21 23:23:41 2022] Updating C:\Users\issda\OneDrive\Documents\BioWare\Dragon Age\Settings\offers.xml with Offers\dao_prc_ocp_2\manifest.xml
[Friday Oct 21 23:23:41 2022] Results [0] [Offers.xml successfully updated.]
[Friday Oct 21 23:23:41 2022] Updating C:\Users\issda\OneDrive\Documents\BioWare\Dragon Age\Settings\addins.xml with Addins\dao_prc_cp_3\manifest.xml
[Friday Oct 21 23:23:41 2022] Results [0] [AddIns.xml successfully updated.]
[Friday Oct 21 23:23:41 2022] Updating C:\Users\issda\OneDrive\Documents\BioWare\Dragon Age\Settings\addins.xml with Addins\dao_prc_cp_7\manifest.xml
[Friday Oct 21 23:23:41 2022] Results [0] [AddIns.xml successfully updated.]
[Friday Oct 21 23:23:41 2022] Updating C:\Users\issda\OneDrive\Documents\BioWare\Dragon Age\Settings\offers.xml with Offers\dao_prc_ocp_13\manifest.xml
[Friday Oct 21 23:23:41 2022] Results [0] [Offers.xml successfully updated.]
[Friday Oct 21 23:23:41 2022] Updating C:\Users\issda\OneDrive\Documents\BioWare\Dragon Age\Settings\addins.xml with Addins\dao_prc_drk\manifest.xml
[Friday Oct 21 23:23:41 2022] Results [0] [AddIns.xml successfully updated.]
[Friday Oct 21 23:23:41 2022] Updating C:\Users\issda\OneDrive\Documents\BioWare\Dragon Age\Settings\addins.xml with Addins\dao_prc_drk_dao\manifest.xml
[Friday Oct 21 23:23:41 2022] Results [0] [AddIns.xml successfully updated.]
[Friday Oct 21 23:23:41 2022] Updating C:\Users\issda\OneDrive\Documents\BioWare\Dragon Age\Settings\addins.xml with Addins\dao_prc_drk_ep1\manifest.xml
[Friday Oct 21 23:23:41 2022] Results [0] [AddIns.xml successfully updated.]
[Friday Oct 21 23:23:41 2022] Updating C:\Users\issda\OneDrive\Documents\BioWare\Dragon Age\Settings\offers.xml with Offers\dao_prc_drk_o\manifest.xml
[Friday Oct 21 23:23:41 2022] Results [0] [Offers.xml successfully updated.]
[Friday Oct 21 23:23:41 2022] Updating C:\Users\issda\OneDrive\Documents\BioWare\Dragon Age\Settings\addins.xml with Addins\dao_prc_gib\manifest.xml
[Friday Oct 21 23:23:41 2022] Results [0] [AddIns.xml successfully updated.]
[Friday Oct 21 23:23:41 2022] Updating C:\Users\issda\OneDrive\Documents\BioWare\Dragon Age\Settings\addins.xml with Addins\dao_prc_gib_dao\manifest.xml
[Friday Oct 21 23:23:41 2022] Results [0] [AddIns.xml successfully updated.]
[Friday Oct 21 23:23:41 2022] Updating C:\Users\issda\OneDrive\Documents\BioWare\Dragon Age\Settings\addins.xml with Addins\dao_prc_gib_ep1\manifest.xml
[Friday Oct 21 23:23:41 2022] Results [0] [AddIns.xml successfully updated.]
[Friday Oct 21 23:23:41 2022] Updating C:\Users\issda\OneDrive\Documents\BioWare\Dragon Age\Settings\offers.xml with Offers\dao_prc_gib_o\manifest.xml
[Friday Oct 21 23:23:42 2022] Results [0] [Offers.xml successfully updated.]
[Friday Oct 21 23:23:42 2022] Updating C:\Users\issda\OneDrive\Documents\BioWare\Dragon Age\Settings\addins.xml with Addins\dao_prc_lel\manifest.xml
[Friday Oct 21 23:23:42 2022] Results [0] [AddIns.xml successfully updated.]
[Friday Oct 21 23:23:42 2022] Updating C:\Users\issda\OneDrive\Documents\BioWare\Dragon Age\Settings\addins.xml with Addins\dao_prc_lel_dao\manifest.xml
[Friday Oct 21 23:23:42 2022] Results [0] [AddIns.xml successfully updated.]
[Friday Oct 21 23:23:42 2022] Updating C:\Users\issda\OneDrive\Documents\BioWare\Dragon Age\Settings\addins.xml with Addins\dao_prc_lel_ep1\manifest.xml
[Friday Oct 21 23:23:42 2022] Results [0] [AddIns.xml successfully updated.]
[Friday Oct 21 23:23:42 2022] Updating C:\Users\issda\OneDrive\Documents\BioWare\Dragon Age\Settings\offers.xml with Offers\dao_prc_lel_o\manifest.xml
[Friday Oct 21 23:23:42 2022] Results [0] [Offers.xml successfully updated.]
[Friday Oct 21 23:23:42 2022] Updating C:\Users\issda\OneDrive\Documents\BioWare\Dragon Age\Settings\addins.xml with Addins\dao_prc_nrx_1\manifest.xml
[Friday Oct 21 23:23:42 2022] Results [0] [AddIns.xml successfully updated.]
[Friday Oct 21 23:23:42 2022] Updating C:\Users\issda\OneDrive\Documents\BioWare\Dragon Age\Settings\offers.xml with Offers\dao_prc_onrx_1\manifest.xml
[Friday Oct 21 23:23:42 2022] Results [0] [Offers.xml successfully updated.]
[Friday Oct 21 23:23:42 2022] Updating C:\Users\issda\OneDrive\Documents\BioWare\Dragon Age\Settings\addins.xml with Addins\dao_prc_promo_me\manifest.xml
[Friday Oct 21 23:23:42 2022] Results [0] [AddIns.xml successfully updated.]
[Friday Oct 21 23:23:42 2022] Updating C:\Users\issda\OneDrive\Documents\BioWare\Dragon Age\Settings\offers.xml with Offers\DAO_PRC_OPROMO_ME\manifest.xml
[Friday Oct 21 23:23:42 2022] Results [0] [Offers.xml successfully updated.]
[Friday Oct 21 23:23:42 2022] Updating C:\Users\issda\OneDrive\Documents\BioWare\Dragon Age\Settings\addins.xml with Addins\dao_prc_str\manifest.xml
[Friday Oct 21 23:23:42 2022] Results [0] [AddIns.xml successfully updated.]
[Friday Oct 21 23:23:42 2022] Updating C:\Users\issda\OneDrive\Documents\BioWare\Dragon Age\Settings\addins.xml with Addins\dao_prc_str_dao\manifest.xml
[Friday Oct 21 23:23:42 2022] Results [0] [AddIns.xml successfully updated.]
[Friday Oct 21 23:23:42 2022] Updating C:\Users\issda\OneDrive\Documents\BioWare\Dragon Age\Settings\addins.xml with Addins\dao_prc_str_ep1\manifest.xml
[Friday Oct 21 23:23:42 2022] Results [0] [AddIns.xml successfully updated.]
[Friday Oct 21 23:23:42 2022] Updating C:\Users\issda\OneDrive\Documents\BioWare\Dragon Age\Settings\offers.xml with Offers\dao_prc_str_o\manifest.xml
[Friday Oct 21 23:23:42 2022] Results [0] [Offers.xml successfully updated.]
[Friday Oct 21 23:23:42 2022] -=-=-=-=-=-=-=-=-=-=-=-=-=-=-=-=-=-=-=-=-=-=-=-=-=-=-=-=-=-=-=-=-=-=-=-
[Friday Oct 21 23:23:42 2022] |         Dragon Age Origins Ultimate addins.xml finished
[Friday Oct 21 23:23:42 2022] -=-=-=-=-=-=-=-=-=-=-=-=-=-=-=-=-=-=-=-=-=-=-=-=-=-=-=-=-=-=-=-=-=-=-=-


[Friday Oct 21 23:24:08 2022] -=-=-=-=-=-=-=-=-=-=-=-=-=-=-=-=-=-=-=-=-=-=-=-=-=-=-=-=-=-=-=-=-=-=-=-
[Friday Oct 21 23:24:08 2022]          Dragon Age Origins Ultimate addins.xml updater ran
[Friday Oct 21 23:24:08 2022] -=-=-=-=-=-=-=-=-=-=-=-=-=-=-=-=-=-=-=-=-=-=-=-=-=-=-=-=-=-=-=-=-=-=-=-
[Friday Oct 21 23:24:08 2022] Checking for successful game login
[Friday Oct 21 23:24:08 2022] LaunchWebPageToActivateDLC
[Friday Oct 21 23:24:13 2022] Command-line Paramters []
[Friday Oct 21 23:24:13 2022] AddIns File = [BioWare\Dragon Age\Settings\addins.xml]
[Friday Oct 21 23:24:13 2022] Offers File = [BioWare\Dragon Age\Settings\offers.xml]
[Friday Oct 21 23:24:13 2022] AddIns Folder = [BioWare\Dragon Age\Settings]
[Friday Oct 21 23:24:13 2022] Program Location = [D:\SteamLibrary\steamapps\common\Dragon Age Ultimate Edition]
[Friday Oct 21 23:24:13 2022] Updating C:\Users\issda\OneDrive\Documents\BioWare\Dragon Age\Settings\addins.xml with addins\dao_prc_ep_1\manifest.xml
[Friday Oct 21 23:24:13 2022] Results [0] [AddIns.xml successfully updated.]
[Friday Oct 21 23:24:13 2022] Updating C:\Users\issda\OneDrive\Documents\BioWare\Dragon Age\Settings\addins.xml with Addins\dao_prc_cp_1\manifest.xml
[Friday Oct 21 23:24:13 2022] Results [0] [AddIns.xml successfully updated.]
[Friday Oct 21 23:24:13 2022] Updating C:\Users\issda\OneDrive\Documents\BioWare\Dragon Age\Settings\offers.xml with Offers\dao_prc_ocp_1\manifest.xml
[Friday Oct 21 23:24:13 2022] Results [0] [Offers.xml successfully updated.]
[Friday Oct 21 23:24:13 2022] Updating C:\Users\issda\OneDrive\Documents\BioWare\Dragon Age\Settings\addins.xml with Addins\dao_prc_cp_2\manifest.xml
[Friday Oct 21 23:24:13 2022] Results [0] [AddIns.xml successfully updated.]
[Friday Oct 21 23:24:13 2022] Updating C:\Users\issda\OneDrive\Documents\BioWare\Dragon Age\Settings\offers.xml with Offers\dao_prc_ocp_2\manifest.xml
[Friday Oct 21 23:24:13 2022] Results [0] [Offers.xml successfully updated.]
[Friday Oct 21 23:24:13 2022] Updating C:\Users\issda\OneDrive\Documents\BioWare\Dragon Age\Settings\addins.xml with Addins\dao_prc_cp_3\manifest.xml
[Friday Oct 21 23:24:13 2022] Results [0] [AddIns.xml successfully updated.]
[Friday Oct 21 23:24:13 2022] Updating C:\Users\issda\OneDrive\Documents\BioWare\Dragon Age\Settings\addins.xml with Addins\dao_prc_cp_7\manifest.xml
[Friday Oct 21 23:24:13 2022] Results [0] [AddIns.xml successfully updated.]
[Friday Oct 21 23:24:13 2022] Updating C:\Users\issda\OneDrive\Documents\BioWare\Dragon Age\Settings\offers.xml with Offers\dao_prc_ocp_13\manifest.xml
[Friday Oct 21 23:24:13 2022] Results [0] [Offers.xml successfully updated.]
[Friday Oct 21 23:24:13 2022] Updating C:\Users\issda\OneDrive\Documents\BioWare\Dragon Age\Settings\addins.xml with Addins\dao_prc_drk\manifest.xml
[Friday Oct 21 23:24:13 2022] Results [0] [AddIns.xml successfully updated.]
[Friday Oct 21 23:24:13 2022] Updating C:\Users\issda\OneDrive\Documents\BioWare\Dragon Age\Settings\addins.xml with Addins\dao_prc_drk_dao\manifest.xml
[Friday Oct 21 23:24:13 2022] Results [0] [AddIns.xml successfully updated.]
[Friday Oct 21 23:24:13 2022] Updating C:\Users\issda\OneDrive\Documents\BioWare\Dragon Age\Settings\addins.xml with Addins\dao_prc_drk_ep1\manifest.xml
[Friday Oct 21 23:24:13 2022] Results [0] [AddIns.xml successfully updated.]
[Friday Oct 21 23:24:13 2022] Updating C:\Users\issda\OneDrive\Documents\BioWare\Dragon Age\Settings\offers.xml with Offers\dao_prc_drk_o\manifest.xml
[Friday Oct 21 23:24:13 2022] Results [0] [Offers.xml successfully updated.]
[Friday Oct 21 23:24:13 2022] Updating C:\Users\issda\OneDrive\Documents\BioWare\Dragon Age\Settings\addins.xml with Addins\dao_prc_gib\manifest.xml
[Friday Oct 21 23:24:13 2022] Results [0] [AddIns.xml successfully updated.]
[Friday Oct 21 23:24:13 2022] Updating C:\Users\issda\OneDrive\Documents\BioWare\Dragon Age\Settings\addins.xml with Addins\dao_prc_gib_dao\manifest.xml
[Friday Oct 21 23:24:13 2022] Results [0] [AddIns.xml successfully updated.]
[Friday Oct 21 23:24:13 2022] Updating C:\Users\issda\OneDrive\Documents\BioWare\Dragon Age\Settings\addins.xml with Addins\dao_prc_gib_ep1\manifest.xml
[Friday Oct 21 23:24:13 2022] Results [0] [AddIns.xml successfully updated.]
[Friday Oct 21 23:24:13 2022] Updating C:\Users\issda\OneDrive\Documents\BioWare\Dragon Age\Settings\offers.xml with Offers\dao_prc_gib_o\manifest.xml
[Friday Oct 21 23:24:13 2022] Results [0] [Offers.xml successfully updated.]
[Friday Oct 21 23:24:13 2022] Updating C:\Users\issda\OneDrive\Documents\BioWare\Dragon Age\Settings\addins.xml with Addins\dao_prc_lel\manifest.xml
[Friday Oct 21 23:24:13 2022] Results [0] [AddIns.xml successfully updated.]
[Friday Oct 21 23:24:13 2022] Updating C:\Users\issda\OneDrive\Documents\BioWare\Dragon Age\Settings\addins.xml with Addins\dao_prc_lel_dao\manifest.xml
[Friday Oct 21 23:24:13 2022] Results [0] [AddIns.xml successfully updated.]
[Friday Oct 21 23:24:13 2022] Updating C:\Users\issda\OneDrive\Documents\BioWare\Dragon Age\Settings\addins.xml with Addins\dao_prc_lel_ep1\manifest.xml
[Friday Oct 21 23:24:13 2022] Results [0] [AddIns.xml successfully updated.]
[Friday Oct 21 23:24:13 2022] Updating C:\Users\issda\OneDrive\Documents\BioWare\Dragon Age\Settings\offers.xml with Offers\dao_prc_lel_o\manifest.xml
[Friday Oct 21 23:24:13 2022] Results [0] [Offers.xml successfully updated.]
[Friday Oct 21 23:24:13 2022] Updating C:\Users\issda\OneDrive\Documents\BioWare\Dragon Age\Settings\addins.xml with Addins\dao_prc_nrx_1\manifest.xml
[Friday Oct 21 23:24:13 2022] Results [0] [AddIns.xml successfully updated.]
[Friday Oct 21 23:24:13 2022] Updating C:\Users\issda\OneDrive\Documents\BioWare\Dragon Age\Settings\offers.xml with Offers\dao_prc_onrx_1\manifest.xml
[Friday Oct 21 23:24:13 2022] Results [0] [Offers.xml successfully updated.]
[Friday Oct 21 23:24:13 2022] Updating C:\Users\issda\OneDrive\Documents\BioWare\Dragon Age\Settings\addins.xml with Addins\dao_prc_promo_me\manifest.xml
[Friday Oct 21 23:24:13 2022] Results [0] [AddIns.xml successfully updated.]
[Friday Oct 21 23:24:13 2022] Updating C:\Users\issda\OneDrive\Documents\BioWare\Dragon Age\Settings\offers.xml with Offers\DAO_PRC_OPROMO_ME\manifest.xml
[Friday Oct 21 23:24:13 2022] Results [0] [Offers.xml successfully updated.]
[Friday Oct 21 23:24:13 2022] Updating C:\Users\issda\OneDrive\Documents\BioWare\Dragon Age\Settings\addins.xml with Addins\dao_prc_str\manifest.xml
[Friday Oct 21 23:24:13 2022] Results [0] [AddIns.xml successfully updated.]
[Friday Oct 21 23:24:13 2022] Updating C:\Users\issda\OneDrive\Documents\BioWare\Dragon Age\Settings\addins.xml with Addins\dao_prc_str_dao\manifest.xml
[Friday Oct 21 23:24:13 2022] Results [0] [AddIns.xml successfully updated.]
[Friday Oct 21 23:24:13 2022] Updating C:\Users\issda\OneDrive\Documents\BioWare\Dragon Age\Settings\addins.xml with Addins\dao_prc_str_ep1\manifest.xml
[Friday Oct 21 23:24:13 2022] Results [0] [AddIns.xml successfully updated.]
[Friday Oct 21 23:24:13 2022] Updating C:\Users\issda\OneDrive\Documents\BioWare\Dragon Age\Settings\offers.xml with Offers\dao_prc_str_o\manifest.xml
[Friday Oct 21 23:24:13 2022] Results [0] [Offers.xml successfully updated.]
[Friday Oct 21 23:24:13 2022] -=-=-=-=-=-=-=-=-=-=-=-=-=-=-=-=-=-=-=-=-=-=-=-=-=-=-=-=-=-=-=-=-=-=-=-
[Friday Oct 21 23:24:13 2022] |         Dragon Age Origins Ultimate addins.xml finished
[Friday Oct 21 23:24:13 2022] -=-=-=-=-=-=-=-=-=-=-=-=-=-=-=-=-=-=-=-=-=-=-=-=-=-=-=-=-=-=-=-=-=-=-=-


[Tuesday Sep 05 15:10:21 2023] -=-=-=-=-=-=-=-=-=-=-=-=-=-=-=-=-=-=-=-=-=-=-=-=-=-=-=-=-=-=-=-=-=-=-=-
[Tuesday Sep 05 15:10:21 2023]          Dragon Age Origins Ultimate addins.xml updater ran
[Tuesday Sep 05 15:10:21 2023] -=-=-=-=-=-=-=-=-=-=-=-=-=-=-=-=-=-=-=-=-=-=-=-=-=-=-=-=-=-=-=-=-=-=-=-
[Tuesday Sep 05 15:10:21 2023] Checking for successful game login
[Tuesday Sep 05 15:10:21 2023]  auth token found
[Tuesday Sep 05 15:10:21 2023] Command-line Paramters []
[Tuesday Sep 05 15:10:21 2023] AddIns File = [BioWare\Dragon Age\Settings\addins.xml]
[Tuesday Sep 05 15:10:21 2023] Offers File = [BioWare\Dragon Age\Settings\offers.xml]
[Tuesday Sep 05 15:10:21 2023] AddIns Folder = [BioWare\Dragon Age\Settings]
[Tuesday Sep 05 15:10:21 2023] Program Location = [D:\SteamLibrary\steamapps\common\Dragon Age Ultimate Edition]
[Tuesday Sep 05 15:10:21 2023] Updating C:\Users\issda\OneDrive\Documents\BioWare\Dragon Age\Settings\addins.xml with addins\dao_prc_ep_1\manifest.xml
[Tuesday Sep 05 15:10:23 2023] Results [0] [AddIns.xml successfully updated.]
[Tuesday Sep 05 15:10:23 2023] Updating C:\Users\issda\OneDrive\Documents\BioWare\Dragon Age\Settings\addins.xml with Addins\dao_prc_cp_1\manifest.xml
[Tuesday Sep 05 15:10:23 2023] Results [0] [AddIns.xml successfully updated.]
[Tuesday Sep 05 15:10:23 2023] Updating C:\Users\issda\OneDrive\Documents\BioWare\Dragon Age\Settings\offers.xml with Offers\dao_prc_ocp_1\manifest.xml
[Tuesday Sep 05 15:10:24 2023] Results [0] [Offers.xml successfully updated.]
[Tuesday Sep 05 15:10:24 2023] Updating C:\Users\issda\OneDrive\Documents\BioWare\Dragon Age\Settings\addins.xml with Addins\dao_prc_cp_2\manifest.xml
[Tuesday Sep 05 15:10:24 2023] Results [0] [AddIns.xml successfully updated.]
[Tuesday Sep 05 15:10:24 2023] Updating C:\Users\issda\OneDrive\Documents\BioWare\Dragon Age\Settings\offers.xml with Offers\dao_prc_ocp_2\manifest.xml
[Tuesday Sep 05 15:10:24 2023] Results [0] [Offers.xml successfully updated.]
[Tuesday Sep 05 15:10:24 2023] Updating C:\Users\issda\OneDrive\Documents\BioWare\Dragon Age\Settings\addins.xml with Addins\dao_prc_cp_3\manifest.xml
[Tuesday Sep 05 15:10:24 2023] Results [0] [AddIns.xml successfully updated.]
[Tuesday Sep 05 15:10:24 2023] Updating C:\Users\issda\OneDrive\Documents\BioWare\Dragon Age\Settings\addins.xml with Addins\dao_prc_cp_7\manifest.xml
[Tuesday Sep 05 15:10:24 2023] Results [0] [AddIns.xml successfully updated.]
[Tuesday Sep 05 15:10:24 2023] Updating C:\Users\issda\OneDrive\Documents\BioWare\Dragon Age\Settings\offers.xml with Offers\dao_prc_ocp_13\manifest.xml
[Tuesday Sep 05 15:10:24 2023] Results [0] [Offers.xml successfully updated.]
[Tuesday Sep 05 15:10:24 2023] Updating C:\Users\issda\OneDrive\Documents\BioWare\Dragon Age\Settings\addins.xml with Addins\dao_prc_drk\manifest.xml
[Tuesday Sep 05 15:10:24 2023] Results [0] [AddIns.xml successfully updated.]
[Tuesday Sep 05 15:10:24 2023] Updating C:\Users\issda\OneDrive\Documents\BioWare\Dragon Age\Settings\addins.xml with Addins\dao_prc_drk_dao\manifest.xml
[Tuesday Sep 05 15:10:25 2023] Results [0] [AddIns.xml successfully updated.]
[Tuesday Sep 05 15:10:25 2023] Updating C:\Users\issda\OneDrive\Documents\BioWare\Dragon Age\Settings\addins.xml with Addins\dao_prc_drk_ep1\manifest.xml
[Tuesday Sep 05 15:10:25 2023] Results [0] [AddIns.xml successfully updated.]
[Tuesday Sep 05 15:10:25 2023] Updating C:\Users\issda\OneDrive\Documents\BioWare\Dragon Age\Settings\offers.xml with Offers\dao_prc_drk_o\manifest.xml
[Tuesday Sep 05 15:10:25 2023] Results [0] [Offers.xml successfully updated.]
[Tuesday Sep 05 15:10:25 2023] Updating C:\Users\issda\OneDrive\Documents\BioWare\Dragon Age\Settings\addins.xml with Addins\dao_prc_gib\manifest.xml
[Tuesday Sep 05 15:10:25 2023] Results [0] [AddIns.xml successfully updated.]
[Tuesday Sep 05 15:10:25 2023] Updating C:\Users\issda\OneDrive\Documents\BioWare\Dragon Age\Settings\addins.xml with Addins\dao_prc_gib_dao\manifest.xml
[Tuesday Sep 05 15:10:25 2023] Results [0] [AddIns.xml successfully updated.]
[Tuesday Sep 05 15:10:25 2023] Updating C:\Users\issda\OneDrive\Documents\BioWare\Dragon Age\Settings\addins.xml with Addins\dao_prc_gib_ep1\manifest.xml
[Tuesday Sep 05 15:10:25 2023] Results [0] [AddIns.xml successfully updated.]
[Tuesday Sep 05 15:10:25 2023] Updating C:\Users\issda\OneDrive\Documents\BioWare\Dragon Age\Settings\offers.xml with Offers\dao_prc_gib_o\manifest.xml
[Tuesday Sep 05 15:10:25 2023] Results [0] [Offers.xml successfully updated.]
[Tuesday Sep 05 15:10:25 2023] Updating C:\Users\issda\OneDrive\Documents\BioWare\Dragon Age\Settings\addins.xml with Addins\dao_prc_lel\manifest.xml
[Tuesday Sep 05 15:10:25 2023] Results [0] [AddIns.xml successfully updated.]
[Tuesday Sep 05 15:10:25 2023] Updating C:\Users\issda\OneDrive\Documents\BioWare\Dragon Age\Settings\addins.xml with Addins\dao_prc_lel_dao\manifest.xml
[Tuesday Sep 05 15:10:25 2023] Results [0] [AddIns.xml successfully updated.]
[Tuesday Sep 05 15:10:25 2023] Updating C:\Users\issda\OneDrive\Documents\BioWare\Dragon Age\Settings\addins.xml with Addins\dao_prc_lel_ep1\manifest.xml
[Tuesday Sep 05 15:10:25 2023] Results [0] [AddIns.xml successfully updated.]
[Tuesday Sep 05 15:10:25 2023] Updating C:\Users\issda\OneDrive\Documents\BioWare\Dragon Age\Settings\offers.xml with Offers\dao_prc_lel_o\manifest.xml
[Tuesday Sep 05 15:10:26 2023] Results [0] [Offers.xml successfully updated.]
[Tuesday Sep 05 15:10:26 2023] Updating C:\Users\issda\OneDrive\Documents\BioWare\Dragon Age\Settings\addins.xml with Addins\dao_prc_nrx_1\manifest.xml
[Tuesday Sep 05 15:10:26 2023] Results [0] [AddIns.xml successfully updated.]
[Tuesday Sep 05 15:10:26 2023] Updating C:\Users\issda\OneDrive\Documents\BioWare\Dragon Age\Settings\offers.xml with Offers\dao_prc_onrx_1\manifest.xml
[Tuesday Sep 05 15:10:26 2023] Results [0] [Offers.xml successfully updated.]
[Tuesday Sep 05 15:10:26 2023] Updating C:\Users\issda\OneDrive\Documents\BioWare\Dragon Age\Settings\addins.xml with Addins\dao_prc_promo_me\manifest.xml
[Tuesday Sep 05 15:10:26 2023] Results [0] [AddIns.xml successfully updated.]
[Tuesday Sep 05 15:10:26 2023] Updating C:\Users\issda\OneDrive\Documents\BioWare\Dragon Age\Settings\offers.xml with Offers\DAO_PRC_OPROMO_ME\manifest.xml
[Tuesday Sep 05 15:10:26 2023] Results [0] [Offers.xml successfully updated.]
[Tuesday Sep 05 15:10:26 2023] Updating C:\Users\issda\OneDrive\Documents\BioWare\Dragon Age\Settings\addins.xml with Addins\dao_prc_str\manifest.xml
[Tuesday Sep 05 15:10:26 2023] Results [0] [AddIns.xml successfully updated.]
[Tuesday Sep 05 15:10:26 2023] Updating C:\Users\issda\OneDrive\Documents\BioWare\Dragon Age\Settings\addins.xml with Addins\dao_prc_str_dao\manifest.xml
[Tuesday Sep 05 15:10:26 2023] Results [0] [AddIns.xml successfully updated.]
[Tuesday Sep 05 15:10:26 2023] Updating C:\Users\issda\OneDrive\Documents\BioWare\Dragon Age\Settings\addins.xml with Addins\dao_prc_str_ep1\manifest.xml
[Tuesday Sep 05 15:10:26 2023] Results [0] [AddIns.xml successfully updated.]
[Tuesday Sep 05 15:10:26 2023] Updating C:\Users\issda\OneDrive\Documents\BioWare\Dragon Age\Settings\offers.xml with Offers\dao_prc_str_o\manifest.xml
[Tuesday Sep 05 15:10:26 2023] Results [0] [Offers.xml successfully updated.]
[Tuesday Sep 05 15:10:26 2023] -=-=-=-=-=-=-=-=-=-=-=-=-=-=-=-=-=-=-=-=-=-=-=-=-=-=-=-=-=-=-=-=-=-=-=-
[Tuesday Sep 05 15:10:26 2023] |         Dragon Age Origins Ultimate addins.xml finished
[Tuesday Sep 05 15:10:26 2023] -=-=-=-=-=-=-=-=-=-=-=-=-=-=-=-=-=-=-=-=-=-=-=-=-=-=-=-=-=-=-=-=-=-=-=-

